27/10 15:27:09  ->  Logs are redirected to gui_inout.log now.
27/10 15:27:09  ->  Current directory is /Users/tomasjames/Documents/University/Cardiff/Project/Project/Code/simulations/simv1.
27/10 15:27:09  ->  AMR-grid's filenames are amr_grid.inp amr_grid.uinp amr_grid.binp.
27/10 15:27:09  ->  Camre-Wavelength's filename is camera_wavelength_micron.inp.
27/10 15:27:09  ->  Color's filename is color_inus.inp.
27/10 15:27:09  ->  Frequency's filename is frequency.inp.
27/10 15:27:09  ->  Image's filename is image.out.
27/10 15:27:09  ->  Movie's input's filename is movie.inp.
27/10 15:27:09  ->  RADMC3D's logfilename is radmc3d.out.
27/10 15:27:09  ->  RADMC3D's filename is radmc3d.
27/10 15:27:09  ->  Spectrum's filename is spectrum.out.
27/10 15:27:09  ->  Transfer's default filename is transfer.inp.default.
27/10 15:27:09  ->  Transfer's  filename is transfer.inp.
27/10 15:27:09  ->  WaveLength's filename is wavelength_micron.inp.
27/10 15:27:09  ->  Local Setting's filename is setting.ini.
27/10 15:27:09  ->  Global Setting's filename is setting.ini.
27/10 15:27:09  ->  Current byte order is LittleEndian.
27/10 15:27:09  ->  Current recordlength's size is 4 bytes.
27/10 15:27:10  ->  The wavelengths will be read from wavelength_micron.inp.
27/10 15:27:10  ->  150 wavelengths are saved in lambda's Array from wavelength_micron.inp.
27/10 15:27:10  ->  First index is 0.
27/10 15:27:10  ->  Index of Blue Lambda (1 µM) is 10.
27/10 15:27:10  ->  Index of Green Lambda (10 µM) is 48.
27/10 15:27:10  ->  Index of Red Lambda (1000 µM) is 137.
27/10 15:27:10  ->  Iformat = 1.
27/10 15:27:10  ->  AMR-Style = regular grid (No mesh refinement).
27/10 15:27:10  ->  Coordinate system = spherical (polar).
27/10 15:27:10  ->  There will not be abundant grid information written into amr_grid.inp.
27/10 15:27:10  ->  Active dimension: X Y Z.
27/10 15:27:10  ->  Dimension's size:  X= 104 Y= 100 Z= 100.
27/10 15:27:10  ->  Radmc3d image npix 100 lambda 838.08 posang 0 incl 60 phi 30 zoomau -110.001 110.001 -110.001 110.001 pointau 0.0  0.0  0.0 fluxcons nostar tracenormal.
27/10 15:27:20  ->  The Observer is at infinity.
27/10 15:27:20  ->  Number of Pixel in x direction 100.
27/10 15:27:20  ->  Number of Pixel in y direction 100.
27/10 15:27:20  ->  Number of images = 1.
27/10 15:27:20  ->  Size of Pixel in direction x = 3.29123e+13 cm.
27/10 15:27:20  ->  Size of Pixel in direction y = 3.29123e+13 cm.
27/10 15:27:20  ->  Lambda(s) = 8.380800e+02.
27/10 15:27:20  ->  Flux(es) = 3.532190e-06 Jy @ 1pc.
27/10 15:27:28  ->  Radmc3d image npix 100 lambda 838.08 posang 0 incl 60 phi 30 zoomau -110.001 110.001 -110.001 110.001 pointau 0.0  0.0  0.0 fluxcons inclstar tracenormal.
27/10 15:27:38  ->  The Observer is at infinity.
27/10 15:27:38  ->  Number of Pixel in x direction 100.
27/10 15:27:38  ->  Number of Pixel in y direction 100.
27/10 15:27:38  ->  Number of images = 1.
27/10 15:27:38  ->  Size of Pixel in direction x = 3.29123e+13 cm.
27/10 15:27:38  ->  Size of Pixel in direction y = 3.29123e+13 cm.
27/10 15:27:38  ->  Lambda(s) = 8.380800e+02.
27/10 15:27:38  ->  Flux(es) = 6.731862e-05 Jy @ 1pc.
27/10 15:27:43  ->  Radmc3d image npix 100 lambda 838.08 posang 0 incl 60 phi 30 zoomau -110.001 110.001 -110.001 110.001 pointau 0.0  0.0  0.0 fluxcons inclstar secondorder  tracenormal.
27/10 15:27:55  ->  The Observer is at infinity.
27/10 15:27:55  ->  Number of Pixel in x direction 100.
27/10 15:27:55  ->  Number of Pixel in y direction 100.
27/10 15:27:55  ->  Number of images = 1.
27/10 15:27:55  ->  Size of Pixel in direction x = 3.29123e+13 cm.
27/10 15:27:55  ->  Size of Pixel in direction y = 3.29123e+13 cm.
27/10 15:27:55  ->  Lambda(s) = 8.380800e+02.
27/10 15:27:55  ->  Flux(es) = 6.745961e-05 Jy @ 1pc.
27/10 15:28:20  ->  Radmc3d image npix 100 lambda 838.08 posang 0 incl 60 phi 30 zoomau -110.001 110.001 -110.001 110.001 pointau 0.0  0.0  0.0 fluxcons inclstar secondorder  tracetau.
27/10 15:28:32  ->  The Observer is at infinity.
27/10 15:28:32  ->  Number of Pixel in x direction 100.
27/10 15:28:32  ->  Number of Pixel in y direction 100.
27/10 15:28:32  ->  Number of images = 1.
27/10 15:28:32  ->  Size of Pixel in direction x = 3.29123e+13 cm.
27/10 15:28:32  ->  Size of Pixel in direction y = 3.29123e+13 cm.
27/10 15:28:32  ->  Lambda(s) = 8.380800e+02.
27/10 15:28:32  ->  Flux(es) = 1.083142e+15 Jy @ 1pc.
27/10 15:28:49  ->  The communication is now over the pipe.
27/10 15:28:49  ->  Radmc3d child.
27/10 15:28:49  ->  Radmc3d image npix 100 lambda 838.08 posang 0 incl 60 phi 30 zoomau -110.001 110.001 -110.001 110.001 pointau 0.0  0.0  0.0 fluxcons inclstar secondorder  tracetau.
27/10 15:29:00  ->  The Observer is at infinity.
27/10 15:29:00  ->  Number of Pixel in x direction 100.
27/10 15:29:00  ->  Number of Pixel in y direction 100.
27/10 15:29:00  ->  Number of images = 1.
27/10 15:29:00  ->  Size of Pixel in direction x = 3.29123e+13 cm.
27/10 15:29:00  ->  Size of Pixel in direction y = 3.29123e+13 cm.
27/10 15:29:00  ->  Lambda(s) = 8.380800e+02.
27/10 15:29:00  ->  Flux(es) = 1.083142e+15 Jy @ 1pc.
